#
# There is insufficient memory for the Java Runtime Environment to continue.
# Native memory allocation (mmap) failed to map 85983232 bytes for G1 virtual space
# Possible reasons:
#   The system is out of physical RAM or swap space
#   The process is running with CompressedOops enabled, and the Java Heap may be blocking the growth of the native heap
# Possible solutions:
#   Reduce memory load on the system
#   Increase physical memory or swap space
#   Check if swap backing store is full
#   Decrease Java heap size (-Xmx/-Xms)
#   Decrease number of Java threads
#   Decrease Java thread stack sizes (-Xss)
#   Set larger code cache with -XX:ReservedCodeCacheSize=
#   JVM is running with Unscaled Compressed Oops mode in which the Java heap is
#     placed in the first 4GB address space. The Java Heap base address is the
#     maximum limit for the native heap growth. Please use -XX:HeapBaseMinAddress
#     to set the Java Heap base and to place the Java Heap above 4GB virtual address.
# This output file may be truncated or incomplete.
#
#  Out of Memory Error (os_windows.cpp:3548), pid=20460, tid=23352
#
# JRE version: Java(TM) SE Runtime Environment (17.0.11+7) (build 17.0.11+7-LTS-207)
# Java VM: Java HotSpot(TM) 64-Bit Server VM (17.0.11+7-LTS-207, mixed mode, sharing, tiered, compressed oops, compressed class ptrs, g1 gc, windows-amd64)
# No core dump will be written. Minidumps are not enabled by default on client versions of Windows
#

---------------  S U M M A R Y ------------

Command Line: -Dclassworlds.conf=C:\apache-maven\apache-maven-3.9.9\bin\m2.conf -Dmaven.home=C:\apache-maven\apache-maven-3.9.9 -Dlibrary.jansi.path=C:\apache-maven\apache-maven-3.9.9\lib\jansi-native -Dmaven.multiModuleProjectDirectory=C:\Users\pablo\OneDrive\Documentos\5. Desarrollo\2. Java\REST\todoapp\todoapp org.codehaus.plexus.classworlds.launcher.Launcher clean install

Host: 12th Gen Intel(R) Core(TM) i5-12450H, 12 cores, 7G,  Windows 11 , 64 bit Build 22621 (10.0.22621.4391)
Time: Tue Dec 17 22:59:12 2024 Hora est. Pacífico, Sudamérica elapsed time: 4.835365 seconds (0d 0h 0m 4s)

---------------  T H R E A D  ---------------

Current thread (0x0000025621a513c0):  VMThread "VM Thread" [stack: 0x00000083c8600000,0x00000083c8700000] [id=23352]

Stack: [0x00000083c8600000,0x00000083c8700000]
Native frames: (J=compiled Java code, j=interpreted, Vv=VM code, C=native code)
V  [jvm.dll+0x679cca]
V  [jvm.dll+0x7da13d]
V  [jvm.dll+0x7dba83]
V  [jvm.dll+0x7dc0f3]
V  [jvm.dll+0x2449af]
V  [jvm.dll+0x676ce9]
V  [jvm.dll+0x66b852]
V  [jvm.dll+0x3018d6]
V  [jvm.dll+0x308e76]
V  [jvm.dll+0x3596ee]
V  [jvm.dll+0x35991f]
V  [jvm.dll+0x2d89a8]
V  [jvm.dll+0x2d6ddd]
V  [jvm.dll+0x2d642c]
V  [jvm.dll+0x319f8b]
V  [jvm.dll+0x7e09eb]
V  [jvm.dll+0x7e1724]
V  [jvm.dll+0x7e1c3d]
V  [jvm.dll+0x7e2014]
V  [jvm.dll+0x7e20e0]
V  [jvm.dll+0x78a85a]
V  [jvm.dll+0x678bb5]
C  [ucrtbase.dll+0x29333]
C  [KERNEL32.DLL+0x1259d]
C  [ntdll.dll+0x5af38]

VM_Operation (0x00000083c80fb720): G1CollectForAllocation, mode: safepoint, requested by thread 0x00000256038b62b0


---------------  P R O C E S S  ---------------

Threads class SMR info:
_java_thread_list=0x00000256691f4b70, length=14, elements={
0x00000256038b62b0, 0x0000025621a58d90, 0x0000025621a59750, 0x0000025621a6e3c0,
0x0000025621a6ec90, 0x0000025621a6f650, 0x0000025621a70010, 0x0000025621a72d10,
0x0000025621a73dd0, 0x0000025621a747d0, 0x000002566713af60, 0x0000025667140b20,
0x0000025668022e30, 0x000002566988f010
}

Java Threads: ( => current thread )
  0x00000256038b62b0 JavaThread "main" [_thread_blocked, id=28664, stack(0x00000083c8000000,0x00000083c8100000)]
  0x0000025621a58d90 JavaThread "Reference Handler" daemon [_thread_blocked, id=27492, stack(0x00000083c8700000,0x00000083c8800000)]
  0x0000025621a59750 JavaThread "Finalizer" daemon [_thread_blocked, id=8552, stack(0x00000083c8800000,0x00000083c8900000)]
  0x0000025621a6e3c0 JavaThread "Signal Dispatcher" daemon [_thread_blocked, id=7904, stack(0x00000083c8900000,0x00000083c8a00000)]
  0x0000025621a6ec90 JavaThread "Attach Listener" daemon [_thread_blocked, id=16860, stack(0x00000083c8a00000,0x00000083c8b00000)]
  0x0000025621a6f650 JavaThread "Service Thread" daemon [_thread_blocked, id=22948, stack(0x00000083c8b00000,0x00000083c8c00000)]
  0x0000025621a70010 JavaThread "Monitor Deflation Thread" daemon [_thread_blocked, id=23748, stack(0x00000083c8c00000,0x00000083c8d00000)]
  0x0000025621a72d10 JavaThread "C2 CompilerThread0" daemon [_thread_blocked, id=2072, stack(0x00000083c8d00000,0x00000083c8e00000)]
  0x0000025621a73dd0 JavaThread "C1 CompilerThread0" daemon [_thread_blocked, id=26992, stack(0x00000083c8e00000,0x00000083c8f00000)]
  0x0000025621a747d0 JavaThread "Sweeper thread" daemon [_thread_blocked, id=15544, stack(0x00000083c8f00000,0x00000083c9000000)]
  0x000002566713af60 JavaThread "Notification Thread" daemon [_thread_blocked, id=27204, stack(0x00000083c9000000,0x00000083c9100000)]
  0x0000025667140b20 JavaThread "Common-Cleaner" daemon [_thread_blocked, id=27724, stack(0x00000083c9200000,0x00000083c9300000)]
  0x0000025668022e30 JavaThread "Thread-1" daemon [_thread_blocked, id=12556, stack(0x00000083c9d00000,0x00000083c9e00000)]
  0x000002566988f010 JavaThread "C2 CompilerThread1" daemon [_thread_blocked, id=1940, stack(0x00000083c9300000,0x00000083c9400000)]

Other Threads:
=>0x0000025621a513c0 VMThread "VM Thread" [stack: 0x00000083c8600000,0x00000083c8700000] [id=23352]
  0x000002566713c470 WatcherThread [stack: 0x00000083c9100000,0x00000083c9200000] [id=21732]
  0x000002560390f040 GCTaskThread "GC Thread#0" [stack: 0x00000083c8100000,0x00000083c8200000] [id=28000]
  0x00000256680eed20 GCTaskThread "GC Thread#1" [stack: 0x00000083c9400000,0x00000083c9500000] [id=24240]
  0x0000025667dece00 GCTaskThread "GC Thread#2" [stack: 0x00000083c9500000,0x00000083c9600000] [id=26744]
  0x0000025667de69c0 GCTaskThread "GC Thread#3" [stack: 0x00000083c9600000,0x00000083c9700000] [id=22320]
  0x0000025668180d30 GCTaskThread "GC Thread#4" [stack: 0x00000083c9700000,0x00000083c9800000] [id=15940]
  0x00000256681813f0 GCTaskThread "GC Thread#5" [stack: 0x00000083c9800000,0x00000083c9900000] [id=25716]
  0x00000256681816b0 GCTaskThread "GC Thread#6" [stack: 0x00000083c9900000,0x00000083c9a00000] [id=5620]
  0x0000025667722590 GCTaskThread "GC Thread#7" [stack: 0x00000083c9a00000,0x00000083c9b00000] [id=16644]
  0x0000025667c818e0 GCTaskThread "GC Thread#8" [stack: 0x00000083c9b00000,0x00000083c9c00000] [id=7272]
  0x0000025667aa17f0 GCTaskThread "GC Thread#9" [stack: 0x00000083c9c00000,0x00000083c9d00000] [id=22460]
  0x00000256039206a0 ConcurrentGCThread "G1 Main Marker" [stack: 0x00000083c8200000,0x00000083c8300000] [id=25000]
  0x00000256039220c0 ConcurrentGCThread "G1 Conc#0" [stack: 0x00000083c8300000,0x00000083c8400000] [id=21892]
  0x000002566841fc50 ConcurrentGCThread "G1 Conc#1" [stack: 0x00000083c9e00000,0x00000083c9f00000] [id=28228]
  0x00000256681d5650 ConcurrentGCThread "G1 Conc#2" [stack: 0x00000083c9f00000,0x00000083ca000000] [id=22188]
  0x0000025621905c70 ConcurrentGCThread "G1 Refine#0" [stack: 0x00000083c8400000,0x00000083c8500000] [id=22892]
  0x0000025603978720 ConcurrentGCThread "G1 Service" [stack: 0x00000083c8500000,0x00000083c8600000] [id=27188]

Threads with active compile tasks:
C2 CompilerThread0     4856 5650       4       com.sun.tools.javac.file.PathFileObject::getKind (8 bytes)
C2 CompilerThread1     4856 5678   !   4       com.sun.tools.javac.jvm.ClassReader::classSigToType (497 bytes)

VM state: at safepoint (normal execution)

VM Mutex/Monitor currently owned by a thread:  ([mutex/lock_event])
[0x00000256038b53c0] Threads_lock - owner thread: 0x0000025621a513c0
[0x00000256038b3b90] Heap_lock - owner thread: 0x00000256038b62b0

Heap address: 0x0000000084800000, size: 1976 MB, Compressed Oops mode: 32-bit

CDS archive(s) mapped at: [0x0000025622000000-0x0000025622bd0000-0x0000025622bd0000), size 12386304, SharedBaseAddress: 0x0000025622000000, ArchiveRelocationMode: 1.
Compressed class space mapped at: 0x0000025623000000-0x0000025663000000, reserved size: 1073741824
Narrow klass base: 0x0000025622000000, Narrow klass shift: 0, Narrow klass range: 0x100000000

GC Precious Log:
 CPUs: 12 total, 12 available
 Memory: 7896M
 Large Page Support: Disabled
 NUMA Support: Disabled
 Compressed Oops: Enabled (32-bit)
 Heap Region Size: 1M
 Heap Min Capacity: 8M
 Heap Initial Capacity: 124M
 Heap Max Capacity: 1976M
 Pre-touch: Disabled
 Parallel Workers: 10
 Concurrent Workers: 3
 Concurrent Refinement Workers: 10
 Periodic GC: Disabled

Heap:
 garbage-first heap   total 126976K, used 30997K [0x0000000084800000, 0x0000000100000000)
  region size 1024K, 5 young (5120K), 5 survivors (5120K)
 Metaspace       used 26903K, committed 27264K, reserved 1114112K
  class space    used 3172K, committed 3328K, reserved 1048576K

Heap Regions: E=young(eden), S=young(survivor), O=old, HS=humongous(starts), HC=humongous(continues), CS=collection set, F=free, OA=open archive, CA=closed archive, TAMS=top-at-mark-start (previous, next)
|   0|0x0000000084800000, 0x0000000084900000, 0x0000000084900000|100%| O|  |TAMS 0x0000000084900000, 0x0000000084800000| Untracked 
|   1|0x0000000084900000, 0x0000000084900000, 0x0000000084a00000|  0%| F|  |TAMS 0x0000000084900000, 0x0000000084900000| Untracked 
|   2|0x0000000084a00000, 0x0000000084b00000, 0x0000000084b00000|100%| O|  |TAMS 0x0000000084b00000, 0x0000000084a00000| Untracked 
|   3|0x0000000084b00000, 0x0000000084c00000, 0x0000000084c00000|100%| O|  |TAMS 0x0000000084bac800, 0x0000000084b00000| Untracked 
|   4|0x0000000084c00000, 0x0000000084d00000, 0x0000000084d00000|100%| O|  |TAMS 0x0000000084c00000, 0x0000000084c00000| Untracked 
|   5|0x0000000084d00000, 0x0000000084e00000, 0x0000000084e00000|100%| O|  |TAMS 0x0000000084d00000, 0x0000000084d00000| Untracked 
|   6|0x0000000084e00000, 0x0000000084f00000, 0x0000000084f00000|100%|HS|  |TAMS 0x0000000084f00000, 0x0000000084e00000| Complete 
|   7|0x0000000084f00000, 0x0000000085000000, 0x0000000085000000|100%|HC|  |TAMS 0x0000000085000000, 0x0000000084f00000| Complete 
|   8|0x0000000085000000, 0x0000000085100000, 0x0000000085100000|100%| O|  |TAMS 0x0000000085000000, 0x0000000085000000| Untracked 
|   9|0x0000000085100000, 0x0000000085200000, 0x0000000085200000|100%| O|  |TAMS 0x0000000085100000, 0x0000000085100000| Untracked 
|  10|0x0000000085200000, 0x0000000085300000, 0x0000000085300000|100%| O|  |TAMS 0x0000000085200000, 0x0000000085200000| Untracked 
|  11|0x0000000085300000, 0x0000000085400000, 0x0000000085400000|100%| O|  |TAMS 0x0000000085300000, 0x0000000085300000| Untracked 
|  12|0x0000000085400000, 0x0000000085500000, 0x0000000085500000|100%| O|  |TAMS 0x0000000085400000, 0x0000000085400000| Untracked 
|  13|0x0000000085500000, 0x0000000085600000, 0x0000000085600000|100%| O|  |TAMS 0x0000000085500000, 0x0000000085500000| Untracked 
|  14|0x0000000085600000, 0x0000000085700000, 0x0000000085700000|100%| O|  |TAMS 0x0000000085600000, 0x0000000085600000| Untracked 
|  15|0x0000000085700000, 0x00000000857e8200, 0x0000000085800000| 90%| O|  |TAMS 0x0000000085700000, 0x0000000085700000| Untracked 
|  16|0x0000000085800000, 0x0000000085900000, 0x0000000085900000|100%|HS|  |TAMS 0x0000000085800000, 0x0000000085800000| Complete 
|  17|0x0000000085900000, 0x0000000085a00000, 0x0000000085a00000|100%|HC|  |TAMS 0x0000000085900000, 0x0000000085900000| Complete 
|  18|0x0000000085a00000, 0x0000000085b00000, 0x0000000085b00000|100%| O|  |TAMS 0x0000000085a00000, 0x0000000085a00000| Untracked 
|  19|0x0000000085b00000, 0x0000000085c00000, 0x0000000085c00000|100%| O|  |TAMS 0x0000000085b00000, 0x0000000085b00000| Untracked 
|  20|0x0000000085c00000, 0x0000000085d00000, 0x0000000085d00000|100%| O|  |TAMS 0x0000000085c00000, 0x0000000085c00000| Untracked 
|  21|0x0000000085d00000, 0x0000000085e00000, 0x0000000085e00000|100%| O|  |TAMS 0x0000000085d00000, 0x0000000085d00000| Untracked 
|  22|0x0000000085e00000, 0x0000000085f00000, 0x0000000085f00000|100%| O|  |TAMS 0x0000000085e00000, 0x0000000085e00000| Untracked 
|  23|0x0000000085f00000, 0x0000000086000000, 0x0000000086000000|100%|HS|  |TAMS 0x0000000085f00000, 0x0000000085f00000| Complete 
|  24|0x0000000086000000, 0x0000000086100000, 0x0000000086100000|100%| O|  |TAMS 0x0000000086000000, 0x0000000086000000| Untracked 
|  25|0x0000000086100000, 0x0000000086200000, 0x0000000086200000|100%| O|  |TAMS 0x0000000086100000, 0x0000000086100000| Untracked 
|  26|0x0000000086200000, 0x000000008625d200, 0x0000000086300000| 36%| O|  |TAMS 0x0000000086200000, 0x0000000086200000| Untracked 
|  27|0x0000000086300000, 0x0000000086300000, 0x0000000086400000|  0%| F|  |TAMS 0x0000000086300000, 0x0000000086300000| Untracked 
|  28|0x0000000086400000, 0x0000000086400000, 0x0000000086500000|  0%| F|  |TAMS 0x0000000086400000, 0x0000000086400000| Untracked 
|  29|0x0000000086500000, 0x0000000086500000, 0x0000000086600000|  0%| F|  |TAMS 0x0000000086500000, 0x0000000086500000| Untracked 
|  30|0x0000000086600000, 0x0000000086600000, 0x0000000086700000|  0%| F|  |TAMS 0x0000000086600000, 0x0000000086600000| Untracked 
|  31|0x0000000086700000, 0x0000000086700000, 0x0000000086800000|  0%| F|  |TAMS 0x0000000086700000, 0x0000000086700000| Untracked 
|  32|0x0000000086800000, 0x0000000086800000, 0x0000000086900000|  0%| F|  |TAMS 0x0000000086800000, 0x0000000086800000| Untracked 
|  33|0x0000000086900000, 0x0000000086900000, 0x0000000086a00000|  0%| F|  |TAMS 0x0000000086900000, 0x0000000086900000| Untracked 
|  34|0x0000000086a00000, 0x0000000086a00000, 0x0000000086b00000|  0%| F|  |TAMS 0x0000000086a00000, 0x0000000086a00000| Untracked 
|  35|0x0000000086b00000, 0x0000000086b00000, 0x0000000086c00000|  0%| F|  |TAMS 0x0000000086b00000, 0x0000000086b00000| Untracked 
|  36|0x0000000086c00000, 0x0000000086c00000, 0x0000000086d00000|  0%| F|  |TAMS 0x0000000086c00000, 0x0000000086c00000| Untracked 
|  37|0x0000000086d00000, 0x0000000086d00000, 0x0000000086e00000|  0%| F|  |TAMS 0x0000000086d00000, 0x0000000086d00000| Untracked 
|  38|0x0000000086e00000, 0x0000000086e00000, 0x0000000086f00000|  0%| F|  |TAMS 0x0000000086e00000, 0x0000000086e00000| Untracked 
|  39|0x0000000086f00000, 0x0000000086f00000, 0x0000000087000000|  0%| F|  |TAMS 0x0000000086f00000, 0x0000000086f00000| Untracked 
|  40|0x0000000087000000, 0x0000000087100000, 0x0000000087100000|100%| S|CS|TAMS 0x0000000087000000, 0x0000000087000000| Complete 
|  41|0x0000000087100000, 0x0000000087200000, 0x0000000087200000|100%| S|CS|TAMS 0x0000000087100000, 0x0000000087100000| Complete 
|  42|0x0000000087200000, 0x0000000087300000, 0x0000000087300000|100%| S|CS|TAMS 0x0000000087200000, 0x0000000087200000| Complete 
|  43|0x0000000087300000, 0x0000000087400000, 0x0000000087400000|100%| S|CS|TAMS 0x0000000087300000, 0x0000000087300000| Complete 
|  44|0x0000000087400000, 0x0000000087500000, 0x0000000087500000|100%| S|CS|TAMS 0x0000000087400000, 0x0000000087400000| Complete 
|  45|0x0000000087500000, 0x0000000087500000, 0x0000000087600000|  0%| F|  |TAMS 0x0000000087500000, 0x0000000087500000| Untracked 
|  46|0x0000000087600000, 0x0000000087600000, 0x0000000087700000|  0%| F|  |TAMS 0x0000000087600000, 0x0000000087600000| Untracked 
|  47|0x0000000087700000, 0x0000000087700000, 0x0000000087800000|  0%| F|  |TAMS 0x0000000087700000, 0x0000000087700000| Untracked 
|  48|0x0000000087800000, 0x0000000087800000, 0x0000000087900000|  0%| F|  |TAMS 0x0000000087800000, 0x0000000087800000| Untracked 
|  49|0x0000000087900000, 0x0000000087900000, 0x0000000087a00000|  0%| F|  |TAMS 0x0000000087900000, 0x0000000087900000| Untracked 
|  50|0x0000000087a00000, 0x0000000087a00000, 0x0000000087b00000|  0%| F|  |TAMS 0x0000000087a00000, 0x0000000087a00000| Untracked 
|  51|0x0000000087b00000, 0x0000000087b00000, 0x0000000087c00000|  0%| F|  |TAMS 0x0000000087b00000, 0x0000000087b00000| Untracked 
|  52|0x0000000087c00000, 0x0000000087c00000, 0x0000000087d00000|  0%| F|  |TAMS 0x0000000087c00000, 0x0000000087c00000| Untracked 
|  53|0x0000000087d00000, 0x0000000087d00000, 0x0000000087e00000|  0%| F|  |TAMS 0x0000000087d00000, 0x0000000087d00000| Untracked 
|  54|0x0000000087e00000, 0x0000000087e00000, 0x0000000087f00000|  0%| F|  |TAMS 0x0000000087e00000, 0x0000000087e00000| Untracked 
|  55|0x0000000087f00000, 0x0000000087f00000, 0x0000000088000000|  0%| F|  |TAMS 0x0000000087f00000, 0x0000000087f00000| Untracked 
|  56|0x0000000088000000, 0x0000000088000000, 0x0000000088100000|  0%| F|  |TAMS 0x0000000088000000, 0x0000000088000000| Untracked 
|  57|0x0000000088100000, 0x0000000088100000, 0x0000000088200000|  0%| F|  |TAMS 0x0000000088100000, 0x0000000088100000| Untracked 
|  58|0x0000000088200000, 0x0000000088200000, 0x0000000088300000|  0%| F|  |TAMS 0x0000000088200000, 0x0000000088200000| Untracked 
|  59|0x0000000088300000, 0x0000000088300000, 0x0000000088400000|  0%| F|  |TAMS 0x0000000088300000, 0x0000000088300000| Untracked 
|  60|0x0000000088400000, 0x0000000088400000, 0x0000000088500000|  0%| F|  |TAMS 0x0000000088400000, 0x0000000088400000| Untracked 
|  61|0x0000000088500000, 0x0000000088500000, 0x0000000088600000|  0%| F|  |TAMS 0x0000000088500000, 0x0000000088500000| Untracked 
|  62|0x0000000088600000, 0x0000000088600000, 0x0000000088700000|  0%| F|  |TAMS 0x0000000088600000, 0x0000000088600000| Untracked 
|  63|0x0000000088700000, 0x0000000088700000, 0x0000000088800000|  0%| F|  |TAMS 0x0000000088700000, 0x0000000088700000| Untracked 
|  64|0x0000000088800000, 0x0000000088800000, 0x0000000088900000|  0%| F|  |TAMS 0x0000000088800000, 0x0000000088800000| Untracked 
|  65|0x0000000088900000, 0x0000000088900000, 0x0000000088a00000|  0%| F|  |TAMS 0x0000000088900000, 0x0000000088900000| Untracked 
|  66|0x0000000088a00000, 0x0000000088a00000, 0x0000000088b00000|  0%| F|  |TAMS 0x0000000088a00000, 0x0000000088a00000| Untracked 
|  67|0x0000000088b00000, 0x0000000088b00000, 0x0000000088c00000|  0%| F|  |TAMS 0x0000000088b00000, 0x0000000088b00000| Untracked 
|  68|0x0000000088c00000, 0x0000000088c00000, 0x0000000088d00000|  0%| F|  |TAMS 0x0000000088c00000, 0x0000000088c00000| Untracked 
|  69|0x0000000088d00000, 0x0000000088d00000, 0x0000000088e00000|  0%| F|  |TAMS 0x0000000088d00000, 0x0000000088d00000| Untracked 
|  70|0x0000000088e00000, 0x0000000088e00000, 0x0000000088f00000|  0%| F|  |TAMS 0x0000000088e00000, 0x0000000088e00000| Untracked 
|  71|0x0000000088f00000, 0x0000000088f00000, 0x0000000089000000|  0%| F|  |TAMS 0x0000000088f00000, 0x0000000088f00000| Untracked 
|  72|0x0000000089000000, 0x0000000089000000, 0x0000000089100000|  0%| F|  |TAMS 0x0000000089000000, 0x0000000089000000| Untracked 
|  73|0x0000000089100000, 0x0000000089100000, 0x0000000089200000|  0%| F|  |TAMS 0x0000000089100000, 0x0000000089100000| Untracked 
|  74|0x0000000089200000, 0x0000000089200000, 0x0000000089300000|  0%| F|  |TAMS 0x0000000089200000, 0x0000000089200000| Untracked 
|  75|0x0000000089300000, 0x0000000089300000, 0x0000000089400000|  0%| F|  |TAMS 0x0000000089300000, 0x0000000089300000| Untracked 
|  76|0x0000000089400000, 0x0000000089400000, 0x0000000089500000|  0%| F|  |TAMS 0x0000000089400000, 0x0000000089400000| Untracked 
|  77|0x0000000089500000, 0x0000000089500000, 0x0000000089600000|  0%| F|  |TAMS 0x0000000089500000, 0x0000000089500000| Untracked 
|  78|0x0000000089600000, 0x0000000089600000, 0x0000000089700000|  0%| F|  |TAMS 0x0000000089600000, 0x0000000089600000| Untracked 
|  79|0x0000000089700000, 0x0000000089700000, 0x0000000089800000|  0%| F|  |TAMS 0x0000000089700000, 0x0000000089700000| Untracked 
|  80|0x0000000089800000, 0x0000000089800000, 0x0000000089900000|  0%| F|  |TAMS 0x0000000089800000, 0x0000000089800000| Untracked 
|  81|0x0000000089900000, 0x0000000089900000, 0x0000000089a00000|  0%| F|  |TAMS 0x0000000089900000, 0x0000000089900000| Untracked 
|  82|0x0000000089a00000, 0x0000000089a00000, 0x0000000089b00000|  0%| F|  |TAMS 0x0000000089a00000, 0x0000000089a00000| Untracked 
|  83|0x0000000089b00000, 0x0000000089b00000, 0x0000000089c00000|  0%| F|  |TAMS 0x0000000089b00000, 0x0000000089b00000| Untracked 
|  84|0x0000000089c00000, 0x0000000089c00000, 0x0000000089d00000|  0%| F|  |TAMS 0x0000000089c00000, 0x0000000089c00000| Untracked 
|  85|0x0000000089d00000, 0x0000000089d00000, 0x0000000089e00000|  0%| F|  |TAMS 0x0000000089d00000, 0x0000000089d00000| Untracked 
|  86|0x0000000089e00000, 0x0000000089e00000, 0x0000000089f00000|  0%| F|  |TAMS 0x0000000089e00000, 0x0000000089e00000| Untracked 
|  87|0x0000000089f00000, 0x0000000089f00000, 0x000000008a000000|  0%| F|  |TAMS 0x0000000089f00000, 0x0000000089f00000| Untracked 
|  88|0x000000008a000000, 0x000000008a000000, 0x000000008a100000|  0%| F|  |TAMS 0x000000008a000000, 0x000000008a000000| Untracked 
|  89|0x000000008a100000, 0x000000008a100000, 0x000000008a200000|  0%| F|  |TAMS 0x000000008a100000, 0x000000008a100000| Untracked 
|  90|0x000000008a200000, 0x000000008a200000, 0x000000008a300000|  0%| F|  |TAMS 0x000000008a200000, 0x000000008a200000| Untracked 
|  91|0x000000008a300000, 0x000000008a300000, 0x000000008a400000|  0%| F|  |TAMS 0x000000008a300000, 0x000000008a300000| Untracked 
|  92|0x000000008a400000, 0x000000008a400000, 0x000000008a500000|  0%| F|  |TAMS 0x000000008a400000, 0x000000008a400000| Untracked 
|  93|0x000000008a500000, 0x000000008a500000, 0x000000008a600000|  0%| F|  |TAMS 0x000000008a500000, 0x000000008a500000| Untracked 
|  94|0x000000008a600000, 0x000000008a600000, 0x000000008a700000|  0%| F|  |TAMS 0x000000008a600000, 0x000000008a600000| Untracked 
|  95|0x000000008a700000, 0x000000008a700000, 0x000000008a800000|  0%| F|  |TAMS 0x000000008a700000, 0x000000008a700000| Untracked 
|  96|0x000000008a800000, 0x000000008a800000, 0x000000008a900000|  0%| F|  |TAMS 0x000000008a800000, 0x000000008a800000| Untracked 
|  97|0x000000008a900000, 0x000000008a900000, 0x000000008aa00000|  0%| F|  |TAMS 0x000000008a900000, 0x000000008a900000| Untracked 
|  98|0x000000008aa00000, 0x000000008aa00000, 0x000000008ab00000|  0%| F|  |TAMS 0x000000008aa00000, 0x000000008aa00000| Untracked 
|  99|0x000000008ab00000, 0x000000008ab00000, 0x000000008ac00000|  0%| F|  |TAMS 0x000000008ab00000, 0x000000008ab00000| Untracked 
| 100|0x000000008ac00000, 0x000000008ac00000, 0x000000008ad00000|  0%| F|  |TAMS 0x000000008ac00000, 0x000000008ac00000| Untracked 
| 101|0x000000008ad00000, 0x000000008ad00000, 0x000000008ae00000|  0%| F|  |TAMS 0x000000008ad00000, 0x000000008ad00000| Untracked 
| 102|0x000000008ae00000, 0x000000008ae00000, 0x000000008af00000|  0%| F|  |TAMS 0x000000008ae00000, 0x000000008ae00000| Untracked 
| 103|0x000000008af00000, 0x000000008af00000, 0x000000008b000000|  0%| F|  |TAMS 0x000000008af00000, 0x000000008af00000| Untracked 
| 104|0x000000008b000000, 0x000000008b000000, 0x000000008b100000|  0%| F|  |TAMS 0x000000008b000000, 0x000000008b000000| Untracked 
| 105|0x000000008b100000, 0x000000008b100000, 0x000000008b200000|  0%| F|  |TAMS 0x000000008b100000, 0x000000008b100000| Untracked 
| 106|0x000000008b200000, 0x000000008b200000, 0x000000008b300000|  0%| F|  |TAMS 0x000000008b200000, 0x000000008b200000| Untracked 
| 107|0x000000008b300000, 0x000000008b300000, 0x000000008b400000|  0%| F|  |TAMS 0x000000008b300000, 0x000000008b300000| Untracked 
| 108|0x000000008b400000, 0x000000008b400000, 0x000000008b500000|  0%| F|  |TAMS 0x000000008b400000, 0x000000008b400000| Untracked 
| 109|0x000000008b500000, 0x000000008b500000, 0x000000008b600000|  0%| F|  |TAMS 0x000000008b500000, 0x000000008b500000| Untracked 
| 110|0x000000008b600000, 0x000000008b600000, 0x000000008b700000|  0%| F|  |TAMS 0x000000008b600000, 0x000000008b600000| Untracked 
| 111|0x000000008b700000, 0x000000008b700000, 0x000000008b800000|  0%| F|  |TAMS 0x000000008b700000, 0x000000008b700000| Untracked 
| 112|0x000000008b800000, 0x000000008b800000, 0x000000008b900000|  0%| F|  |TAMS 0x000000008b800000, 0x000000008b800000| Untracked 
| 113|0x000000008b900000, 0x000000008b900000, 0x000000008ba00000|  0%| F|  |TAMS 0x000000008b900000, 0x000000008b900000| Untracked 
| 114|0x000000008ba00000, 0x000000008ba00000, 0x000000008bb00000|  0%| F|  |TAMS 0x000000008ba00000, 0x000000008ba00000| Untracked 
| 115|0x000000008bb00000, 0x000000008bb00000, 0x000000008bc00000|  0%| F|  |TAMS 0x000000008bb00000, 0x000000008bb00000| Untracked 
| 116|0x000000008bc00000, 0x000000008bc00000, 0x000000008bd00000|  0%| F|  |TAMS 0x000000008bc00000, 0x000000008bc00000| Untracked 
| 117|0x000000008bd00000, 0x000000008bd00000, 0x000000008be00000|  0%| F|  |TAMS 0x000000008bd00000, 0x000000008bd00000| Untracked 
| 118|0x000000008be00000, 0x000000008be00000, 0x000000008bf00000|  0%| F|  |TAMS 0x000000008be00000, 0x000000008be00000| Untracked 
| 119|0x000000008bf00000, 0x000000008bf00000, 0x000000008c000000|  0%| F|  |TAMS 0x000000008bf00000, 0x000000008bf00000| Untracked 
| 120|0x000000008c000000, 0x000000008c000000, 0x000000008c100000|  0%| F|  |TAMS 0x000000008c000000, 0x000000008c000000| Untracked 
| 121|0x000000008c100000, 0x000000008c100000, 0x000000008c200000|  0%| F|  |TAMS 0x000000008c100000, 0x000000008c100000| Untracked 
| 122|0x000000008c200000, 0x000000008c200000, 0x000000008c300000|  0%| F|  |TAMS 0x000000008c200000, 0x000000008c200000| Untracked 
| 123|0x000000008c300000, 0x000000008c300000, 0x000000008c400000|  0%| F|  |TAMS 0x000000008c300000, 0x000000008c300000| Untracked 

Card table byte_map: [0x000002561aaa0000,0x000002561ae80000] _byte_map_base: 0x000002561a67c000

Marking Bits (Prev, Next): (CMBitMap*) 0x000002560390f6a0, (CMBitMap*) 0x000002560390f660
 Prev Bits: [0x000002561d140000, 0x000002561f020000)
 Next Bits: [0x000002561b260000, 0x000002561d140000)

Polling page: 0x0000025601670000

Metaspace:

Usage:
  Non-class:     23.17 MB used.
      Class:      3.10 MB used.
       Both:     26.27 MB used.

Virtual space:
  Non-class space:       64.00 MB reserved,      23.38 MB ( 37%) committed,  1 nodes.
      Class space:        1.00 GB reserved,       3.25 MB ( <1%) committed,  1 nodes.
             Both:        1.06 GB reserved,      26.62 MB (  2%) committed. 

Chunk freelists:
   Non-Class:  8.34 MB
       Class:  12.75 MB
        Both:  21.09 MB

MaxMetaspaceSize: unlimited
CompressedClassSpaceSize: 1.00 GB
Initial GC threshold: 21.00 MB
Current GC threshold: 35.25 MB
CDS: on
MetaspaceReclaimPolicy: balanced
 - commit_granule_bytes: 65536.
 - commit_granule_words: 8192.
 - virtual_space_node_default_size: 8388608.
 - enlarge_chunks_in_place: 1.
 - new_chunks_are_fully_committed: 0.
 - uncommit_free_chunks: 1.
 - use_allocation_guard: 0.
 - handle_deallocations: 1.


Internal statistics:

num_allocs_failed_limit: 3.
num_arena_births: 186.
num_arena_deaths: 0.
num_vsnodes_births: 2.
num_vsnodes_deaths: 0.
num_space_committed: 426.
num_space_uncommitted: 0.
num_chunks_returned_to_freelist: 3.
num_chunks_taken_from_freelist: 1171.
num_chunk_merges: 3.
num_chunk_splits: 804.
num_chunks_enlarged: 621.
num_inconsistent_stats: 0.

CodeHeap 'non-profiled nmethods': size=120000Kb used=2899Kb max_used=2899Kb free=117100Kb
 bounds [0x0000025612c40000, 0x0000025612f20000, 0x000002561a170000]
CodeHeap 'profiled nmethods': size=120000Kb used=11899Kb max_used=11899Kb free=108100Kb
 bounds [0x000002560b170000, 0x000002560bd10000, 0x00000256126a0000]
CodeHeap 'non-nmethods': size=5760Kb used=1209Kb max_used=1256Kb free=4550Kb
 bounds [0x00000256126a0000, 0x0000025612910000, 0x0000025612c40000]
 total_blobs=6208 nmethods=5701 adapters=419
 compilation: enabled
              stopped_count=0, restarted_count=0
 full_count=0

Compilation events (20 events):
Event: 4.811 Thread 0x0000025621a73dd0 5702       3       java.util.Hashtable::rehash (142 bytes)
Event: 4.811 Thread 0x0000025621a73dd0 nmethod 5702 0x000002560bd01a10 code [0x000002560bd01c20, 0x000002560bd02328]
Event: 4.813 Thread 0x0000025621a72d10 nmethod 5644 0x0000025612f12d10 code [0x0000025612f12ec0, 0x0000025612f13848]
Event: 4.813 Thread 0x0000025621a72d10 5649       4       java.util.regex.Pattern::escape (1327 bytes)
Event: 4.815 Thread 0x0000025621a73dd0 5703       3       java.io.BufferedReader::<init> (9 bytes)
Event: 4.815 Thread 0x0000025621a73dd0 nmethod 5703 0x000002560bd02590 code [0x000002560bd02740, 0x000002560bd02888]
Event: 4.815 Thread 0x0000025621a73dd0 5704       3       java.lang.String::codePointCount (46 bytes)
Event: 4.816 Thread 0x0000025621a73dd0 nmethod 5704 0x000002560bd02910 code [0x000002560bd02b00, 0x000002560bd03038]
Event: 4.816 Thread 0x0000025621a73dd0 5707       3       org.apache.maven.model.merge.MavenModelMerger::mergeModelBase_Repositories (210 bytes)
Event: 4.818 Thread 0x0000025621a73dd0 nmethod 5707 0x000002560bd03210 code [0x000002560bd035e0, 0x000002560bd05878]
Event: 4.818 Thread 0x0000025621a73dd0 5708       3       org.apache.maven.model.merge.MavenModelMerger::mergeModelBase_PluginRepositories (210 bytes)
Event: 4.819 Thread 0x0000025621a73dd0 nmethod 5708 0x000002560bd06290 code [0x000002560bd06660, 0x000002560bd088f8]
Event: 4.819 Thread 0x0000025621a73dd0 5706       3       org.apache.maven.model.merge.MavenModelMerger::mergeModelBase_Modules (224 bytes)
Event: 4.820 Thread 0x0000025621a73dd0 nmethod 5706 0x000002560bd09310 code [0x000002560bd097e0, 0x000002560bd0c6a8]
Event: 4.820 Thread 0x0000025621a73dd0 5709       3       org.apache.maven.model.merge.ModelMerger::mergeModelBase_Dependencies (26 bytes)
Event: 4.821 Thread 0x0000025621a73dd0 nmethod 5709 0x000002560bd0d710 code [0x000002560bd0d940, 0x000002560bd0e508]
Event: 4.821 Thread 0x0000025621a73dd0 5705       3       java.util.ArrayList::subList (20 bytes)
Event: 4.821 Thread 0x0000025621a73dd0 nmethod 5705 0x000002560bd0e890 code [0x000002560bd0ea60, 0x000002560bd0ee28]
Event: 4.821 Thread 0x0000025621a72d10 nmethod 5649 0x0000025612f13d10 code [0x0000025612f13f00, 0x0000025612f149d0]
Event: 4.821 Thread 0x0000025621a72d10 5650       4       com.sun.tools.javac.file.PathFileObject::getKind (8 bytes)

GC Heap History (13 events):
Event: 0.781 GC heap before
{Heap before GC invocations=0 (full 0):
 garbage-first heap   total 126976K, used 22528K [0x0000000084800000, 0x0000000100000000)
  region size 1024K, 23 young (23552K), 0 survivors (0K)
 Metaspace       used 5462K, committed 5696K, reserved 1114112K
  class space    used 663K, committed 768K, reserved 1048576K
}
Event: 0.786 GC heap after
{Heap after GC invocations=1 (full 0):
 garbage-first heap   total 126976K, used 3680K [0x0000000084800000, 0x0000000100000000)
  region size 1024K, 3 young (3072K), 3 survivors (3072K)
 Metaspace       used 5462K, committed 5696K, reserved 1114112K
  class space    used 663K, committed 768K, reserved 1048576K
}
Event: 1.310 GC heap before
{Heap before GC invocations=1 (full 0):
 garbage-first heap   total 126976K, used 35424K [0x0000000084800000, 0x0000000100000000)
  region size 1024K, 34 young (34816K), 3 survivors (3072K)
 Metaspace       used 10061K, committed 10176K, reserved 1114112K
  class space    used 1232K, committed 1280K, reserved 1048576K
}
Event: 1.317 GC heap after
{Heap after GC invocations=2 (full 0):
 garbage-first heap   total 126976K, used 5810K [0x0000000084800000, 0x0000000100000000)
  region size 1024K, 2 young (2048K), 2 survivors (2048K)
 Metaspace       used 10061K, committed 10176K, reserved 1114112K
  class space    used 1232K, committed 1280K, reserved 1048576K
}
Event: 2.553 GC heap before
{Heap before GC invocations=2 (full 0):
 garbage-first heap   total 126976K, used 79538K [0x0000000084800000, 0x0000000100000000)
  region size 1024K, 74 young (75776K), 2 survivors (2048K)
 Metaspace       used 15615K, committed 15808K, reserved 1114112K
  class space    used 1864K, committed 1920K, reserved 1048576K
}
Event: 2.579 GC heap after
{Heap after GC invocations=3 (full 0):
 garbage-first heap   total 126976K, used 13180K [0x0000000084800000, 0x0000000100000000)
  region size 1024K, 10 young (10240K), 10 survivors (10240K)
 Metaspace       used 15615K, committed 15808K, reserved 1114112K
  class space    used 1864K, committed 1920K, reserved 1048576K
}
Event: 3.712 GC heap before
{Heap before GC invocations=3 (full 0):
 garbage-first heap   total 126976K, used 70524K [0x0000000084800000, 0x0000000100000000)
  region size 1024K, 63 young (64512K), 10 survivors (10240K)
 Metaspace       used 21230K, committed 21504K, reserved 1114112K
  class space    used 2527K, committed 2688K, reserved 1048576K
}
Event: 3.729 GC heap after
{Heap after GC invocations=4 (full 0):
 garbage-first heap   total 126976K, used 22944K [0x0000000084800000, 0x0000000100000000)
  region size 1024K, 7 young (7168K), 7 survivors (7168K)
 Metaspace       used 21230K, committed 21504K, reserved 1114112K
  class space    used 2527K, committed 2688K, reserved 1048576K
}
Event: 4.450 GC heap before
{Heap before GC invocations=5 (full 0):
 garbage-first heap   total 81920K, used 64928K [0x0000000084800000, 0x0000000100000000)
  region size 1024K, 47 young (48128K), 7 survivors (7168K)
 Metaspace       used 26759K, committed 27072K, reserved 1114112K
  class space    used 3172K, committed 3328K, reserved 1048576K
}
Event: 4.461 GC heap after
{Heap after GC invocations=6 (full 0):
 garbage-first heap   total 81920K, used 23975K [0x0000000084800000, 0x0000000100000000)
  region size 1024K, 5 young (5120K), 5 survivors (5120K)
 Metaspace       used 26759K, committed 27072K, reserved 1114112K
  class space    used 3172K, committed 3328K, reserved 1048576K
}
Event: 4.464 GC heap before
{Heap before GC invocations=6 (full 0):
 garbage-first heap   total 81920K, used 24999K [0x0000000084800000, 0x0000000100000000)
  region size 1024K, 6 young (6144K), 5 survivors (5120K)
 Metaspace       used 26759K, committed 27072K, reserved 1114112K
  class space    used 3172K, committed 3328K, reserved 1048576K
}
Event: 4.479 GC heap after
{Heap after GC invocations=7 (full 0):
 garbage-first heap   total 81920K, used 23456K [0x0000000084800000, 0x0000000100000000)
  region size 1024K, 1 young (1024K), 1 survivors (1024K)
 Metaspace       used 26759K, committed 27072K, reserved 1114112K
  class space    used 3172K, committed 3328K, reserved 1048576K
}
Event: 4.823 GC heap before
{Heap before GC invocations=7 (full 0):
 garbage-first heap   total 81920K, used 60320K [0x0000000084800000, 0x0000000100000000)
  region size 1024K, 35 young (35840K), 1 survivors (1024K)
 Metaspace       used 26903K, committed 27264K, reserved 1114112K
  class space    used 3172K, committed 3328K, reserved 1048576K
}

Deoptimization events (20 events):
Event: 4.320 Thread 0x00000256038b62b0 DEOPT PACKING pc=0x0000025612e5c13c sp=0x00000083c80fda90
Event: 4.321 Thread 0x00000256038b62b0 DEOPT UNPACKING pc=0x00000256126f23a3 sp=0x00000083c80fda30 mode 2
Event: 4.350 Thread 0x00000256038b62b0 DEOPT PACKING pc=0x000002560bac1dbc sp=0x00000083c80fcb40
Event: 4.350 Thread 0x00000256038b62b0 DEOPT UNPACKING pc=0x00000256126f2b43 sp=0x00000083c80fc0c0 mode 0
Event: 4.526 Thread 0x00000256038b62b0 DEOPT PACKING pc=0x000002560bac1dbc sp=0x00000083c80fc420
Event: 4.526 Thread 0x00000256038b62b0 DEOPT UNPACKING pc=0x00000256126f2b43 sp=0x00000083c80fb9a0 mode 0
Event: 4.674 Thread 0x00000256038b62b0 DEOPT PACKING pc=0x000002560ba31ad9 sp=0x00000083c80fc330
Event: 4.674 Thread 0x00000256038b62b0 DEOPT UNPACKING pc=0x00000256126f2b43 sp=0x00000083c80fb8d0 mode 0
Event: 4.710 Thread 0x00000256038b62b0 Uncommon trap: trap_request=0x00000025 fr.pc=0x0000025612ec0af4 relative=0x0000000000006914
Event: 4.711 Thread 0x00000256038b62b0 Uncommon trap: reason=unloaded action=reinterpret pc=0x0000025612ec0af4 method=jdk.nio.zipfs.ZipDirectoryStream.<init>(Ljdk/nio/zipfs/ZipPath;Ljava/nio/file/DirectoryStream$Filter;)V @ 36 c2
Event: 4.711 Thread 0x00000256038b62b0 DEOPT PACKING pc=0x0000025612ec0af4 sp=0x00000083c80fc8e0
Event: 4.711 Thread 0x00000256038b62b0 DEOPT UNPACKING pc=0x00000256126f23a3 sp=0x00000083c80fc6e8 mode 2
Event: 4.809 Thread 0x00000256038b62b0 Uncommon trap: trap_request=0xffffff76 fr.pc=0x0000025612ed31ac relative=0x000000000000020c
Event: 4.809 Thread 0x00000256038b62b0 Uncommon trap: reason=predicate action=maybe_recompile pc=0x0000025612ed31ac method=java.util.HashMap.keysToArray([Ljava/lang/Object;)[Ljava/lang/Object; @ 48 c2
Event: 4.809 Thread 0x00000256038b62b0 DEOPT PACKING pc=0x0000025612ed31ac sp=0x00000083c80fc7f0
Event: 4.809 Thread 0x00000256038b62b0 DEOPT UNPACKING pc=0x00000256126f23a3 sp=0x00000083c80fc788 mode 2
Event: 4.817 Thread 0x00000256038b62b0 Uncommon trap: trap_request=0xffffff45 fr.pc=0x0000025612e2e794 relative=0x0000000000000454
Event: 4.817 Thread 0x00000256038b62b0 Uncommon trap: reason=unstable_if action=reinterpret pc=0x0000025612e2e794 method=java.util.WeakHashMap.expungeStaleEntries()V @ 9 c2
Event: 4.817 Thread 0x00000256038b62b0 DEOPT PACKING pc=0x0000025612e2e794 sp=0x00000083c80fcec0
Event: 4.817 Thread 0x00000256038b62b0 DEOPT UNPACKING pc=0x00000256126f23a3 sp=0x00000083c80fcd78 mode 2

Classes unloaded (0 events):
No events

Classes redefined (0 events):
No events

Internal exceptions (20 events):
Event: 4.758 Thread 0x00000256038b62b0 Exception <a 'sun/nio/fs/WindowsException'{0x0000000087a2cf40}> (0x0000000087a2cf40) 
thrown [s\open\src\hotspot\share\prims\jni.cpp, line 516]
Event: 4.758 Thread 0x00000256038b62b0 Exception <a 'sun/nio/fs/WindowsException'{0x0000000087a2d420}> (0x0000000087a2d420) 
thrown [s\open\src\hotspot\share\prims\jni.cpp, line 516]
Event: 4.758 Thread 0x00000256038b62b0 Exception <a 'sun/nio/fs/WindowsException'{0x0000000087a30880}> (0x0000000087a30880) 
thrown [s\open\src\hotspot\share\prims\jni.cpp, line 516]
Event: 4.758 Thread 0x00000256038b62b0 Exception <a 'sun/nio/fs/WindowsException'{0x0000000087a30cd0}> (0x0000000087a30cd0) 
thrown [s\open\src\hotspot\share\prims\jni.cpp, line 516]
Event: 4.758 Thread 0x00000256038b62b0 Exception <a 'sun/nio/fs/WindowsException'{0x0000000087a31f80}> (0x0000000087a31f80) 
thrown [s\open\src\hotspot\share\prims\jni.cpp, line 516]
Event: 4.758 Thread 0x00000256038b62b0 Exception <a 'sun/nio/fs/WindowsException'{0x0000000087a323b8}> (0x0000000087a323b8) 
thrown [s\open\src\hotspot\share\prims\jni.cpp, line 516]
Event: 4.758 Thread 0x00000256038b62b0 Exception <a 'sun/nio/fs/WindowsException'{0x0000000087a3f260}> (0x0000000087a3f260) 
thrown [s\open\src\hotspot\share\prims\jni.cpp, line 516]
Event: 4.758 Thread 0x00000256038b62b0 Exception <a 'sun/nio/fs/WindowsException'{0x0000000087a3f648}> (0x0000000087a3f648) 
thrown [s\open\src\hotspot\share\prims\jni.cpp, line 516]
Event: 4.759 Thread 0x00000256038b62b0 Exception <a 'sun/nio/fs/WindowsException'{0x0000000087a6b838}> (0x0000000087a6b838) 
thrown [s\open\src\hotspot\share\prims\jni.cpp, line 516]
Event: 4.759 Thread 0x00000256038b62b0 Exception <a 'sun/nio/fs/WindowsException'{0x0000000087a6bc68}> (0x0000000087a6bc68) 
thrown [s\open\src\hotspot\share\prims\jni.cpp, line 516]
Event: 4.759 Thread 0x00000256038b62b0 Exception <a 'sun/nio/fs/WindowsException'{0x0000000087a6cfd8}> (0x0000000087a6cfd8) 
thrown [s\open\src\hotspot\share\prims\jni.cpp, line 516]
Event: 4.759 Thread 0x00000256038b62b0 Exception <a 'sun/nio/fs/WindowsException'{0x0000000087a6d4d0}> (0x0000000087a6d4d0) 
thrown [s\open\src\hotspot\share\prims\jni.cpp, line 516]
Event: 4.768 Thread 0x00000256038b62b0 Exception <a 'sun/nio/fs/WindowsException'{0x000000008772b1d0}> (0x000000008772b1d0) 
thrown [s\open\src\hotspot\share\prims\jni.cpp, line 516]
Event: 4.768 Thread 0x00000256038b62b0 Exception <a 'sun/nio/fs/WindowsException'{0x000000008772b970}> (0x000000008772b970) 
thrown [s\open\src\hotspot\share\prims\jni.cpp, line 516]
Event: 4.768 Thread 0x00000256038b62b0 Exception <a 'sun/nio/fs/WindowsException'{0x000000008772bf30}> (0x000000008772bf30) 
thrown [s\open\src\hotspot\share\prims\jni.cpp, line 516]
Event: 4.768 Thread 0x00000256038b62b0 Exception <a 'sun/nio/fs/WindowsException'{0x000000008772c6c0}> (0x000000008772c6c0) 
thrown [s\open\src\hotspot\share\prims\jni.cpp, line 516]
Event: 4.768 Thread 0x00000256038b62b0 Exception <a 'sun/nio/fs/WindowsException'{0x000000008772ca80}> (0x000000008772ca80) 
thrown [s\open\src\hotspot\share\prims\jni.cpp, line 516]
Event: 4.768 Thread 0x00000256038b62b0 Exception <a 'sun/nio/fs/WindowsException'{0x000000008772d778}> (0x000000008772d778) 
thrown [s\open\src\hotspot\share\prims\jni.cpp, line 516]
Event: 4.768 Thread 0x00000256038b62b0 Exception <a 'sun/nio/fs/WindowsException'{0x000000008772db08}> (0x000000008772db08) 
thrown [s\open\src\hotspot\share\prims\jni.cpp, line 516]
Event: 4.768 Thread 0x00000256038b62b0 Exception <a 'sun/nio/fs/WindowsException'{0x000000008772e7f8}> (0x000000008772e7f8) 
thrown [s\open\src\hotspot\share\prims\jni.cpp, line 516]

VM Operations (20 events):
Event: 3.729 Executing VM operation: CollectForMetadataAllocation done
Event: 3.734 Executing VM operation: G1Concurrent
Event: 3.738 Executing VM operation: G1Concurrent done
Event: 3.741 Executing VM operation: G1Concurrent
Event: 3.742 Executing VM operation: G1Concurrent done
Event: 4.093 Executing VM operation: HandshakeAllThreads
Event: 4.093 Executing VM operation: HandshakeAllThreads done
Event: 4.094 Executing VM operation: HandshakeAllThreads
Event: 4.094 Executing VM operation: HandshakeAllThreads done
Event: 4.133 Executing VM operation: HandshakeAllThreads
Event: 4.133 Executing VM operation: HandshakeAllThreads done
Event: 4.181 Executing VM operation: ICBufferFull
Event: 4.181 Executing VM operation: ICBufferFull done
Event: 4.225 Executing VM operation: HandshakeAllThreads
Event: 4.225 Executing VM operation: HandshakeAllThreads done
Event: 4.450 Executing VM operation: G1CollectForAllocation
Event: 4.461 Executing VM operation: G1CollectForAllocation done
Event: 4.464 Executing VM operation: G1CollectForAllocation
Event: 4.479 Executing VM operation: G1CollectForAllocation done
Event: 4.823 Executing VM operation: G1CollectForAllocation

Events (20 events):
Event: 4.254 loading class java/nio/file/Path$1
Event: 4.254 loading class java/nio/file/Path$1 done
Event: 4.271 loading class java/util/EnumMap$EntrySet
Event: 4.271 loading class java/util/EnumMap$EntrySet done
Event: 4.271 loading class java/util/EnumMap$EntryIterator
Event: 4.271 loading class java/util/EnumMap$EnumMapIterator
Event: 4.271 loading class java/util/EnumMap$EnumMapIterator done
Event: 4.271 loading class java/util/EnumMap$EntryIterator done
Event: 4.271 loading class java/util/EnumMap$EntryIterator$Entry
Event: 4.271 loading class java/util/EnumMap$EntryIterator$Entry done
Event: 4.282 loading class java/io/DataOutputStream
Event: 4.282 loading class java/io/DataOutputStream done
Event: 4.296 loading class java/util/EnumMap$Values
Event: 4.296 loading class java/util/EnumMap$Values done
Event: 4.296 loading class java/util/EnumMap$ValueIterator
Event: 4.296 loading class java/util/EnumMap$ValueIterator done
Event: 4.297 loading class java/util/WeakHashMap$KeyIterator
Event: 4.297 loading class java/util/WeakHashMap$HashIterator
Event: 4.297 loading class java/util/WeakHashMap$HashIterator done
Event: 4.297 loading class java/util/WeakHashMap$KeyIterator done


Dynamic libraries:
0x00007ff639330000 - 0x00007ff639340000 	C:\Program Files\Java\jdk-17\bin\java.exe
0x00007ff806f30000 - 0x00007ff807147000 	C:\Windows\SYSTEM32\ntdll.dll
0x00007ff805d40000 - 0x00007ff805e04000 	C:\Windows\System32\KERNEL32.DLL
0x00007ff804350000 - 0x00007ff80470a000 	C:\Windows\System32\KERNELBASE.dll
0x00007ff804860000 - 0x00007ff804971000 	C:\Windows\System32\ucrtbase.dll
0x00007ffffccf0000 - 0x00007ffffcd09000 	C:\Program Files\Java\jdk-17\bin\jli.dll
0x00007ffff6a50000 - 0x00007ffff6a6b000 	C:\Program Files\Java\jdk-17\bin\VCRUNTIME140.dll
0x00007ff805f80000 - 0x00007ff806032000 	C:\Windows\System32\ADVAPI32.dll
0x00007ff806c50000 - 0x00007ff806cf7000 	C:\Windows\System32\msvcrt.dll
0x00007ff806d40000 - 0x00007ff806de7000 	C:\Windows\System32\sechost.dll
0x00007ff804710000 - 0x00007ff804738000 	C:\Windows\System32\bcrypt.dll
0x00007ff8059f0000 - 0x00007ff805b04000 	C:\Windows\System32\RPCRT4.dll
0x00007ff805b10000 - 0x00007ff805cbe000 	C:\Windows\System32\USER32.dll
0x00007ff8042a0000 - 0x00007ff8042c6000 	C:\Windows\System32\win32u.dll
0x00007ffff38d0000 - 0x00007ffff3b62000 	C:\Windows\WinSxS\amd64_microsoft.windows.common-controls_6595b64144ccf1df_6.0.22621.4541_none_2710d1c57384c085\COMCTL32.dll
0x00007ff805f00000 - 0x00007ff805f29000 	C:\Windows\System32\GDI32.dll
0x00007ff804740000 - 0x00007ff80485b000 	C:\Windows\System32\gdi32full.dll
0x00007ff804200000 - 0x00007ff80429a000 	C:\Windows\System32\msvcp_win.dll
0x00007fffe9520000 - 0x00007fffe952a000 	C:\Windows\SYSTEM32\VERSION.dll
0x00007ff806d00000 - 0x00007ff806d31000 	C:\Windows\System32\IMM32.DLL
0x00007ffffeb00000 - 0x00007ffffeb0c000 	C:\Program Files\Java\jdk-17\bin\vcruntime140_1.dll
0x00007fffbd9a0000 - 0x00007fffbda2e000 	C:\Program Files\Java\jdk-17\bin\msvcp140.dll
0x00007fffac8e0000 - 0x00007fffad4c0000 	C:\Program Files\Java\jdk-17\bin\server\jvm.dll
0x00007ff805e10000 - 0x00007ff805e18000 	C:\Windows\System32\PSAPI.DLL
0x00007ffffeb20000 - 0x00007ffffeb29000 	C:\Windows\SYSTEM32\WSOCK32.dll
0x00007ffffcbc0000 - 0x00007ffffcbf4000 	C:\Windows\SYSTEM32\WINMM.dll
0x00007ff805970000 - 0x00007ff8059e1000 	C:\Windows\System32\WS2_32.dll
0x00007ff803280000 - 0x00007ff803298000 	C:\Windows\SYSTEM32\kernel.appcore.dll
0x00007ffffe2e0000 - 0x00007ffffe2ea000 	C:\Program Files\Java\jdk-17\bin\jimage.dll
0x00007ffff6e50000 - 0x00007ffff7082000 	C:\Windows\SYSTEM32\DBGHELP.DLL
0x00007ff806040000 - 0x00007ff8063cf000 	C:\Windows\System32\combase.dll
0x00007ff805e20000 - 0x00007ff805ef7000 	C:\Windows\System32\OLEAUT32.dll
0x00007fffe1a30000 - 0x00007fffe1a62000 	C:\Windows\SYSTEM32\dbgcore.DLL
0x00007ff8042d0000 - 0x00007ff80434b000 	C:\Windows\System32\bcryptPrimitives.dll
0x00007ffff69b0000 - 0x00007ffff69d5000 	C:\Program Files\Java\jdk-17\bin\java.dll
0x00007fffbcd30000 - 0x00007fffbce07000 	C:\Program Files\Java\jdk-17\bin\jsvml.dll
0x00007ff8050f0000 - 0x00007ff805968000 	C:\Windows\System32\SHELL32.dll
0x00007ff8020f0000 - 0x00007ff8029f8000 	C:\Windows\SYSTEM32\windows.storage.dll
0x00007ff801fb0000 - 0x00007ff8020ef000 	C:\Windows\SYSTEM32\wintypes.dll
0x00007ff806df0000 - 0x00007ff806eea000 	C:\Windows\System32\SHCORE.dll
0x00007ff805ce0000 - 0x00007ff805d3e000 	C:\Windows\System32\shlwapi.dll
0x00007ff804130000 - 0x00007ff80415b000 	C:\Windows\SYSTEM32\profapi.dll
0x00007ffff67a0000 - 0x00007ffff67b9000 	C:\Program Files\Java\jdk-17\bin\net.dll
0x00007ff800090000 - 0x00007ff8001c6000 	C:\Windows\SYSTEM32\WINHTTP.dll
0x00007ff803790000 - 0x00007ff8037f9000 	C:\Windows\system32\mswsock.dll
0x00007ffff6750000 - 0x00007ffff6766000 	C:\Program Files\Java\jdk-17\bin\nio.dll
0x00007ffff3db0000 - 0x00007ffff3dc8000 	C:\Program Files\Java\jdk-17\bin\zip.dll
0x00007ffff35f0000 - 0x00007ffff3614000 	C:\apache-maven\apache-maven-3.9.9\lib\jansi-native\Windows\x86_64\jansi.dll
0x00007ffffcee0000 - 0x00007ffffcef0000 	C:\Program Files\Java\jdk-17\bin\verify.dll
0x00007ff803410000 - 0x00007ff803444000 	C:\Windows\SYSTEM32\ntmarta.dll

dbghelp: loaded successfully - version: 4.0.5 - missing functions: none
symbol engine: initialized successfully - sym options: 0x614 - pdb path: .;C:\Program Files\Java\jdk-17\bin;C:\Windows\SYSTEM32;C:\Windows\WinSxS\amd64_microsoft.windows.common-controls_6595b64144ccf1df_6.0.22621.4541_none_2710d1c57384c085;C:\Program Files\Java\jdk-17\bin\server;C:\apache-maven\apache-maven-3.9.9\lib\jansi-native\Windows\x86_64

VM Arguments:
jvm_args: -Dclassworlds.conf=C:\apache-maven\apache-maven-3.9.9\bin\m2.conf -Dmaven.home=C:\apache-maven\apache-maven-3.9.9 -Dlibrary.jansi.path=C:\apache-maven\apache-maven-3.9.9\lib\jansi-native -Dmaven.multiModuleProjectDirectory=C:\Users\pablo\OneDrive\Documentos\5. Desarrollo\2. Java\REST\todoapp\todoapp 
java_command: org.codehaus.plexus.classworlds.launcher.Launcher clean install
java_class_path (initial): C:\apache-maven\apache-maven-3.9.9\boot\plexus-classworlds-2.8.0.jar
Launcher Type: SUN_STANDARD

[Global flags]
     intx CICompilerCount                          = 4                                         {product} {ergonomic}
     uint ConcGCThreads                            = 3                                         {product} {ergonomic}
     uint G1ConcRefinementThreads                  = 10                                        {product} {ergonomic}
   size_t G1HeapRegionSize                         = 1048576                                   {product} {ergonomic}
    uintx GCDrainStackTargetSize                   = 64                                        {product} {ergonomic}
   size_t InitialHeapSize                          = 130023424                                 {product} {ergonomic}
   size_t MarkStackSize                            = 4194304                                   {product} {ergonomic}
   size_t MaxHeapSize                              = 2071986176                                {product} {ergonomic}
   size_t MaxNewSize                               = 1242562560                                {product} {ergonomic}
   size_t MinHeapDeltaBytes                        = 1048576                                   {product} {ergonomic}
   size_t MinHeapSize                              = 8388608                                   {product} {ergonomic}
    uintx NonNMethodCodeHeapSize                   = 5839372                                {pd product} {ergonomic}
    uintx NonProfiledCodeHeapSize                  = 122909434                              {pd product} {ergonomic}
    uintx ProfiledCodeHeapSize                     = 122909434                              {pd product} {ergonomic}
    uintx ReservedCodeCacheSize                    = 251658240                              {pd product} {ergonomic}
     bool SegmentedCodeCache                       = true                                      {product} {ergonomic}
   size_t SoftMaxHeapSize                          = 2071986176                             {manageable} {ergonomic}
     bool UseCompressedClassPointers               = true                           {product lp64_product} {ergonomic}
     bool UseCompressedOops                        = true                           {product lp64_product} {ergonomic}
     bool UseG1GC                                  = true                                      {product} {ergonomic}
     bool UseLargePagesIndividualAllocation        = false                                  {pd product} {ergonomic}

Logging:
Log output configuration:
 #0: stdout all=warning uptime,level,tags
 #1: stderr all=off uptime,level,tags

Environment Variables:
JAVA_HOME=C:\Program Files\Java\jdk-17
PATH=C:\Program Files\Java\jdk-17\bin;C:\Program Files\Common Files\Oracle\Java\javapath;C:\Windows\system32;C:\Windows;C:\Windows\System32\Wbem;C:\Windows\System32\WindowsPowerShell\v1.0\;C:\Windows\System32\OpenSSH\;C:\Program Files\Git\cmd;C:\Program Files\Java\jdk-17\bin;C:\Program Files\Microsoft SQL Server\150\Tools\Binn\;C:\Program Files\Microsoft SQL Server\Client SDK\ODBC\170\Tools\Binn\;C:\Program Files\dotnet\;C:\Program Files\MySQL\MySQL Server 8.0\bin;C:\Program Files\nodejs\;C:\Users\pablo\AppData\Roaming\npm;C:\Program Files\sonar-scanner-6.1.0.4477-windows-x64\bin;C:\Program Files\GitHub CLI\;C:\apache-maven\apache-maven-3.9.9\bin;C:\Program Files\MySQL\MySQL Shell 8.0\bin\;C:\Users\pablo\AppData\Local\Programs\Python\Python312\Scripts\;C:\Users\pablo\AppData\Local\Programs\Python\Python312\;C:\Users\pablo\AppData\Local\Microsoft\WindowsApps;C:\Users\pablo\AppData\Local\Programs\Microsoft VS Code\bin;C:\Users\pablo\AppData\Local\GitHubDesktop\bin;C:\Users\pablo\.dotnet\tools;C:\Users\pablo\AppData\Roaming\npm;C:\Program Files\JetBrains\IntelliJ IDEA 2024.3.1\bin;
USERNAME=pablo
OS=Windows_NT
PROCESSOR_IDENTIFIER=Intel64 Family 6 Model 154 Stepping 3, GenuineIntel



---------------  S Y S T E M  ---------------

OS:
 Windows 11 , 64 bit Build 22621 (10.0.22621.4391)
OS uptime: 2 days 1:39 hours
Hyper-V role detected

CPU: total 12 (initial active 12) (6 cores per cpu, 2 threads per core) family 6 model 154 stepping 3 microcode 0x423, cx8, cmov, fxsr, ht, mmx, 3dnowpref, sse, sse2, sse3, ssse3, sse4.1, sse4.2, popcnt, lzcnt, tsc, tscinvbit, avx, avx2, aes, erms, clmul, bmi1, bmi2, adx, sha, fma, vzeroupper, clflush, clflushopt, clwb, hv

Memory: 4k page, system-wide physical 7896M (473M free)
TotalPageFile size 12996M (AvailPageFile size 23M)
current process WorkingSet (physical memory assigned to process): 202M, peak: 206M
current process commit charge ("private bytes"): 289M, peak: 371M

vm_info: Java HotSpot(TM) 64-Bit Server VM (17.0.11+7-LTS-207) for windows-amd64 JRE (17.0.11+7-LTS-207), built on Mar 11 2024 19:01:50 by "mach5one" with MS VC++ 17.6 (VS2022)

END.
